<?xml version="1.0" encoding="UTF-8"?>
<!-- Generated by org.testng.reporters.JUnitReportReporter -->
<testsuite hostname="DESKTOP-B24PROE" failures="0" tests="1" name="test.LoginTest" time="3.439" errors="0" timestamp="2023-01-17T09:39:44 CST" skipped="0">
  <testcase classname="test.LoginTest" name="validUserShouldBeAbleToLogin" time="3.439"/>
  <system-out/>
</testsuite> <!-- test.LoginTest -->
